[debug] [2023-05-15T18:25:55.917Z] ----------------------------------------------------------------------
[debug] [2023-05-15T18:25:55.918Z] Command:       C:\Program Files\nodejs\node.exe C:\Users\User\AppData\Roaming\npm\node_modules\firebase-tools\lib\bin\firebase.js init
[debug] [2023-05-15T18:25:55.919Z] CLI Version:   12.0.0
[debug] [2023-05-15T18:25:55.919Z] Platform:      win32
[debug] [2023-05-15T18:25:55.919Z] Node Version:  v18.12.1
[debug] [2023-05-15T18:25:55.920Z] Time:          Mon May 15 2023 15:25:55 GMT-0300 (hora estándar de Argentina)
[debug] [2023-05-15T18:25:55.920Z] ----------------------------------------------------------------------
[debug] 
[debug] [2023-05-15T18:25:55.925Z] > command requires scopes: ["email","openid","https://www.googleapis.com/auth/cloudplatformprojects.readonly","https://www.googleapis.com/auth/firebase","https://www.googleapis.com/auth/cloud-platform"]
[debug] [2023-05-15T18:25:55.926Z] > authorizing via signed-in user (sagustin2001@gmail.com)
[info] 
     ######## #### ########  ######## ########     ###     ######  ########
     ##        ##  ##     ## ##       ##     ##  ##   ##  ##       ##
     ######    ##  ########  ######   ########  #########  ######  ######
     ##        ##  ##    ##  ##       ##     ## ##     ##       ## ##
     ##       #### ##     ## ######## ########  ##     ##  ######  ########

You're about to initialize a Firebase project in this directory:

  C:\Proyectos Sin Terminar\portfolio\portfolio-frontend

Before we get started, keep in mind:

  * You are currently outside your home directory

[info] 
=== Project Setup
[info] 
[info] First, let's associate this project directory with a Firebase project.
[info] You can create multiple project aliases by running firebase use --add, 
[info] but for now we'll just set up a default project.
[info] 
[debug] [2023-05-15T18:26:18.440Z] >>> [apiv2][query] GET https://firebase.googleapis.com/v1beta1/projects pageSize=100
[debug] [2023-05-15T18:26:19.127Z] <<< [apiv2][status] GET https://firebase.googleapis.com/v1beta1/projects 200
[debug] [2023-05-15T18:26:19.127Z] <<< [apiv2][body] GET https://firebase.googleapis.com/v1beta1/projects [omitted]
[info] i  Using project portfolio-agustin-sosa (Portfolio-Agustin-Sosa) 
[info] 
=== Hosting Setup
[info] 
[info] Your public directory is the folder (relative to your project directory) that
[info] will contain Hosting assets to be uploaded with firebase deploy. If you
[info] have a build process for your assets, use your build's output directory.
[info] 
